[2025-06-08 22:16:07] production.ERROR: No application encryption key has been specified. {"exception":"[object] (Illuminate\\Encryption\\MissingAppKeyException(code: 0): No application encryption key has been specified. at /home/rashed/Desktop/Laravel/Projects/ecommerce_portal/vendor/laravel/framework/src/Illuminate/Encryption/EncryptionServiceProvider.php:83)
[stacktrace]
#0 /home/rashed/Desktop/Laravel/Projects/ecommerce_portal/vendor/laravel/framework/src/Illuminate/Support/helpers.php(399): Illuminate\\Encryption\\EncryptionServiceProvider->{closure:Illuminate\\Encryption\\EncryptionServiceProvider::key():81}(NULL)
#1 /home/rashed/Desktop/Laravel/Projects/ecommerce_portal/vendor/laravel/framework/src/Illuminate/Encryption/EncryptionServiceProvider.php(81): tap(NULL, Object(Closure))
#2 /home/rashed/Desktop/Laravel/Projects/ecommerce_portal/vendor/laravel/framework/src/Illuminate/Encryption/EncryptionServiceProvider.php(64): Illuminate\\Encryption\\EncryptionServiceProvider->key(Array)
#3 /home/rashed/Desktop/Laravel/Projects/ecommerce_portal/vendor/laravel/framework/src/Illuminate/Encryption/EncryptionServiceProvider.php(32): Illuminate\\Encryption\\EncryptionServiceProvider->parseKey(Array)
#4 /home/rashed/Desktop/Laravel/Projects/ecommerce_portal/vendor/laravel/framework/src/Illuminate/Container/Container.php(1010): Illuminate\\Encryption\\EncryptionServiceProvider->{closure:Illuminate\\Encryption\\EncryptionServiceProvider::registerEncrypter():29}(Object(Illuminate\\Foundation\\Application), Array)
#5 /home/rashed/Desktop/Laravel/Projects/ecommerce_portal/vendor/laravel/framework/src/Illuminate/Container/Container.php(890): Illuminate\\Container\\Container->build(Object(Closure))
#6 /home/rashed/Desktop/Laravel/Projects/ecommerce_portal/vendor/laravel/framework/src/Illuminate/Foundation/Application.php(1077): Illuminate\\Container\\Container->resolve('encrypter', Array, true)
#7 /home/rashed/Desktop/Laravel/Projects/ecommerce_portal/vendor/laravel/framework/src/Illuminate/Container/Container.php(821): Illuminate\\Foundation\\Application->resolve('encrypter', Array)
#8 /home/rashed/Desktop/Laravel/Projects/ecommerce_portal/vendor/laravel/framework/src/Illuminate/Foundation/Application.php(1057): Illuminate\\Container\\Container->make('encrypter', Array)
#9 /home/rashed/Desktop/Laravel/Projects/ecommerce_portal/vendor/laravel/framework/src/Illuminate/Container/Container.php(1202): Illuminate\\Foundation\\Application->make('encrypter')
#10 /home/rashed/Desktop/Laravel/Projects/ecommerce_portal/vendor/laravel/framework/src/Illuminate/Container/Container.php(1101): Illuminate\\Container\\Container->resolveClass(Object(ReflectionParameter))
#11 /home/rashed/Desktop/Laravel/Projects/ecommerce_portal/vendor/laravel/framework/src/Illuminate/Container/Container.php(1052): Illuminate\\Container\\Container->resolveDependencies(Array)
#12 /home/rashed/Desktop/Laravel/Projects/ecommerce_portal/vendor/laravel/framework/src/Illuminate/Container/Container.php(890): Illuminate\\Container\\Container->build('Illuminate\\\\Cook...')
#13 /home/rashed/Desktop/Laravel/Projects/ecommerce_portal/vendor/laravel/framework/src/Illuminate/Foundation/Application.php(1077): Illuminate\\Container\\Container->resolve('Illuminate\\\\Cook...', Array, true)
#14 /home/rashed/Desktop/Laravel/Projects/ecommerce_portal/vendor/laravel/framework/src/Illuminate/Container/Container.php(821): Illuminate\\Foundation\\Application->resolve('Illuminate\\\\Cook...', Array)
#15 /home/rashed/Desktop/Laravel/Projects/ecommerce_portal/vendor/laravel/framework/src/Illuminate/Foundation/Application.php(1057): Illuminate\\Container\\Container->make('Illuminate\\\\Cook...', Array)
#16 /home/rashed/Desktop/Laravel/Projects/ecommerce_portal/vendor/laravel/framework/src/Illuminate/Pipeline/Pipeline.php(197): Illuminate\\Foundation\\Application->make('Illuminate\\\\Cook...')
#17 /home/rashed/Desktop/Laravel/Projects/ecommerce_portal/vendor/laravel/framework/src/Illuminate/Pipeline/Pipeline.php(126): Illuminate\\Pipeline\\Pipeline->{closure:{closure:Illuminate\\Pipeline\\Pipeline::carry():183}:184}(Object(Illuminate\\Http\\Request))
#18 /home/rashed/Desktop/Laravel/Projects/ecommerce_portal/vendor/laravel/framework/src/Illuminate/Routing/Router.php(807): Illuminate\\Pipeline\\Pipeline->then(Object(Closure))
#19 /home/rashed/Desktop/Laravel/Projects/ecommerce_portal/vendor/laravel/framework/src/Illuminate/Routing/Router.php(786): Illuminate\\Routing\\Router->runRouteWithinStack(Object(Illuminate\\Routing\\Route), Object(Illuminate\\Http\\Request))
#20 /home/rashed/Desktop/Laravel/Projects/ecommerce_portal/vendor/laravel/framework/src/Illuminate/Routing/Router.php(750): Illuminate\\Routing\\Router->runRoute(Object(Illuminate\\Http\\Request), Object(Illuminate\\Routing\\Route))
#21 /home/rashed/Desktop/Laravel/Projects/ecommerce_portal/vendor/laravel/framework/src/Illuminate/Routing/Router.php(739): Illuminate\\Routing\\Router->dispatchToRoute(Object(Illuminate\\Http\\Request))
#22 /home/rashed/Desktop/Laravel/Projects/ecommerce_portal/vendor/laravel/framework/src/Illuminate/Foundation/Http/Kernel.php(200): Illuminate\\Routing\\Router->dispatch(Object(Illuminate\\Http\\Request))
#23 /home/rashed/Desktop/Laravel/Projects/ecommerce_portal/vendor/laravel/framework/src/Illuminate/Pipeline/Pipeline.php(169): Illuminate\\Foundation\\Http\\Kernel->{closure:Illuminate\\Foundation\\Http\\Kernel::dispatchToRouter():197}(Object(Illuminate\\Http\\Request))
#24 /home/rashed/Desktop/Laravel/Projects/ecommerce_portal/vendor/laravel/framework/src/Illuminate/Foundation/Http/Middleware/TransformsRequest.php(21): Illuminate\\Pipeline\\Pipeline->{closure:Illuminate\\Pipeline\\Pipeline::prepareDestination():167}(Object(Illuminate\\Http\\Request))
#25 /home/rashed/Desktop/Laravel/Projects/ecommerce_portal/vendor/laravel/framework/src/Illuminate/Foundation/Http/Middleware/ConvertEmptyStringsToNull.php(31): Illuminate\\Foundation\\Http\\Middleware\\TransformsRequest->handle(Object(Illuminate\\Http\\Request), Object(Closure))
#26 /home/rashed/Desktop/Laravel/Projects/ecommerce_portal/vendor/laravel/framework/src/Illuminate/Pipeline/Pipeline.php(208): Illuminate\\Foundation\\Http\\Middleware\\ConvertEmptyStringsToNull->handle(Object(Illuminate\\Http\\Request), Object(Closure))
#27 /home/rashed/Desktop/Laravel/Projects/ecommerce_portal/vendor/laravel/framework/src/Illuminate/Foundation/Http/Middleware/TransformsRequest.php(21): Illuminate\\Pipeline\\Pipeline->{closure:{closure:Illuminate\\Pipeline\\Pipeline::carry():183}:184}(Object(Illuminate\\Http\\Request))
#28 /home/rashed/Desktop/Laravel/Projects/ecommerce_portal/vendor/laravel/framework/src/Illuminate/Foundation/Http/Middleware/TrimStrings.php(51): Illuminate\\Foundation\\Http\\Middleware\\TransformsRequest->handle(Object(Illuminate\\Http\\Request), Object(Closure))
#29 /home/rashed/Desktop/Laravel/Projects/ecommerce_portal/vendor/laravel/framework/src/Illuminate/Pipeline/Pipeline.php(208): Illuminate\\Foundation\\Http\\Middleware\\TrimStrings->handle(Object(Illuminate\\Http\\Request), Object(Closure))
#30 /home/rashed/Desktop/Laravel/Projects/ecommerce_portal/vendor/laravel/framework/src/Illuminate/Http/Middleware/ValidatePostSize.php(27): Illuminate\\Pipeline\\Pipeline->{closure:{closure:Illuminate\\Pipeline\\Pipeline::carry():183}:184}(Object(Illuminate\\Http\\Request))
#31 /home/rashed/Desktop/Laravel/Projects/ecommerce_portal/vendor/laravel/framework/src/Illuminate/Pipeline/Pipeline.php(208): Illuminate\\Http\\Middleware\\ValidatePostSize->handle(Object(Illuminate\\Http\\Request), Object(Closure))
#32 /home/rashed/Desktop/Laravel/Projects/ecommerce_portal/vendor/laravel/framework/src/Illuminate/Foundation/Http/Middleware/PreventRequestsDuringMaintenance.php(109): Illuminate\\Pipeline\\Pipeline->{closure:{closure:Illuminate\\Pipeline\\Pipeline::carry():183}:184}(Object(Illuminate\\Http\\Request))
#33 /home/rashed/Desktop/Laravel/Projects/ecommerce_portal/vendor/laravel/framework/src/Illuminate/Pipeline/Pipeline.php(208): Illuminate\\Foundation\\Http\\Middleware\\PreventRequestsDuringMaintenance->handle(Object(Illuminate\\Http\\Request), Object(Closure))
#34 /home/rashed/Desktop/Laravel/Projects/ecommerce_portal/vendor/laravel/framework/src/Illuminate/Http/Middleware/HandleCors.php(48): Illuminate\\Pipeline\\Pipeline->{closure:{closure:Illuminate\\Pipeline\\Pipeline::carry():183}:184}(Object(Illuminate\\Http\\Request))
#35 /home/rashed/Desktop/Laravel/Projects/ecommerce_portal/vendor/laravel/framework/src/Illuminate/Pipeline/Pipeline.php(208): Illuminate\\Http\\Middleware\\HandleCors->handle(Object(Illuminate\\Http\\Request), Object(Closure))
#36 /home/rashed/Desktop/Laravel/Projects/ecommerce_portal/vendor/laravel/framework/src/Illuminate/Http/Middleware/TrustProxies.php(58): Illuminate\\Pipeline\\Pipeline->{closure:{closure:Illuminate\\Pipeline\\Pipeline::carry():183}:184}(Object(Illuminate\\Http\\Request))
#37 /home/rashed/Desktop/Laravel/Projects/ecommerce_portal/vendor/laravel/framework/src/Illuminate/Pipeline/Pipeline.php(208): Illuminate\\Http\\Middleware\\TrustProxies->handle(Object(Illuminate\\Http\\Request), Object(Closure))
#38 /home/rashed/Desktop/Laravel/Projects/ecommerce_portal/vendor/laravel/framework/src/Illuminate/Foundation/Http/Middleware/InvokeDeferredCallbacks.php(22): Illuminate\\Pipeline\\Pipeline->{closure:{closure:Illuminate\\Pipeline\\Pipeline::carry():183}:184}(Object(Illuminate\\Http\\Request))
#39 /home/rashed/Desktop/Laravel/Projects/ecommerce_portal/vendor/laravel/framework/src/Illuminate/Pipeline/Pipeline.php(208): Illuminate\\Foundation\\Http\\Middleware\\InvokeDeferredCallbacks->handle(Object(Illuminate\\Http\\Request), Object(Closure))
#40 /home/rashed/Desktop/Laravel/Projects/ecommerce_portal/vendor/laravel/framework/src/Illuminate/Http/Middleware/ValidatePathEncoding.php(26): Illuminate\\Pipeline\\Pipeline->{closure:{closure:Illuminate\\Pipeline\\Pipeline::carry():183}:184}(Object(Illuminate\\Http\\Request))
#41 /home/rashed/Desktop/Laravel/Projects/ecommerce_portal/vendor/laravel/framework/src/Illuminate/Pipeline/Pipeline.php(208): Illuminate\\Http\\Middleware\\ValidatePathEncoding->handle(Object(Illuminate\\Http\\Request), Object(Closure))
#42 /home/rashed/Desktop/Laravel/Projects/ecommerce_portal/vendor/laravel/framework/src/Illuminate/Pipeline/Pipeline.php(126): Illuminate\\Pipeline\\Pipeline->{closure:{closure:Illuminate\\Pipeline\\Pipeline::carry():183}:184}(Object(Illuminate\\Http\\Request))
#43 /home/rashed/Desktop/Laravel/Projects/ecommerce_portal/vendor/laravel/framework/src/Illuminate/Foundation/Http/Kernel.php(175): Illuminate\\Pipeline\\Pipeline->then(Object(Closure))
#44 /home/rashed/Desktop/Laravel/Projects/ecommerce_portal/vendor/laravel/framework/src/Illuminate/Foundation/Http/Kernel.php(144): Illuminate\\Foundation\\Http\\Kernel->sendRequestThroughRouter(Object(Illuminate\\Http\\Request))
#45 /home/rashed/Desktop/Laravel/Projects/ecommerce_portal/vendor/laravel/framework/src/Illuminate/Foundation/Application.php(1219): Illuminate\\Foundation\\Http\\Kernel->handle(Object(Illuminate\\Http\\Request))
#46 /home/rashed/Desktop/Laravel/Projects/ecommerce_portal/public/index.php(20): Illuminate\\Foundation\\Application->handleRequest(Object(Illuminate\\Http\\Request))
#47 /home/rashed/Desktop/Laravel/Projects/ecommerce_portal/vendor/laravel/framework/src/Illuminate/Foundation/resources/server.php(23): require_once('/home/rashed/De...')
#48 {main}
"} 
[2025-06-08 22:16:07] production.ERROR: No application encryption key has been specified. {"exception":"[object] (Illuminate\\Encryption\\MissingAppKeyException(code: 0): No application encryption key has been specified. at /home/rashed/Desktop/Laravel/Projects/ecommerce_portal/vendor/laravel/framework/src/Illuminate/Encryption/EncryptionServiceProvider.php:83)
[stacktrace]
#0 /home/rashed/Desktop/Laravel/Projects/ecommerce_portal/vendor/laravel/framework/src/Illuminate/Support/helpers.php(399): Illuminate\\Encryption\\EncryptionServiceProvider->{closure:Illuminate\\Encryption\\EncryptionServiceProvider::key():81}(NULL)
#1 /home/rashed/Desktop/Laravel/Projects/ecommerce_portal/vendor/laravel/framework/src/Illuminate/Encryption/EncryptionServiceProvider.php(81): tap(NULL, Object(Closure))
#2 /home/rashed/Desktop/Laravel/Projects/ecommerce_portal/vendor/laravel/framework/src/Illuminate/Encryption/EncryptionServiceProvider.php(64): Illuminate\\Encryption\\EncryptionServiceProvider->key(Array)
#3 /home/rashed/Desktop/Laravel/Projects/ecommerce_portal/vendor/laravel/framework/src/Illuminate/Encryption/EncryptionServiceProvider.php(32): Illuminate\\Encryption\\EncryptionServiceProvider->parseKey(Array)
#4 /home/rashed/Desktop/Laravel/Projects/ecommerce_portal/vendor/laravel/framework/src/Illuminate/Container/Container.php(1010): Illuminate\\Encryption\\EncryptionServiceProvider->{closure:Illuminate\\Encryption\\EncryptionServiceProvider::registerEncrypter():29}(Object(Illuminate\\Foundation\\Application), Array)
#5 /home/rashed/Desktop/Laravel/Projects/ecommerce_portal/vendor/laravel/framework/src/Illuminate/Container/Container.php(890): Illuminate\\Container\\Container->build(Object(Closure))
#6 /home/rashed/Desktop/Laravel/Projects/ecommerce_portal/vendor/laravel/framework/src/Illuminate/Foundation/Application.php(1077): Illuminate\\Container\\Container->resolve('encrypter', Array, true)
#7 /home/rashed/Desktop/Laravel/Projects/ecommerce_portal/vendor/laravel/framework/src/Illuminate/Container/Container.php(821): Illuminate\\Foundation\\Application->resolve('encrypter', Array)
#8 /home/rashed/Desktop/Laravel/Projects/ecommerce_portal/vendor/laravel/framework/src/Illuminate/Foundation/Application.php(1057): Illuminate\\Container\\Container->make('encrypter', Array)
#9 /home/rashed/Desktop/Laravel/Projects/ecommerce_portal/vendor/laravel/framework/src/Illuminate/Container/Container.php(1202): Illuminate\\Foundation\\Application->make('encrypter')
#10 /home/rashed/Desktop/Laravel/Projects/ecommerce_portal/vendor/laravel/framework/src/Illuminate/Container/Container.php(1101): Illuminate\\Container\\Container->resolveClass(Object(ReflectionParameter))
#11 /home/rashed/Desktop/Laravel/Projects/ecommerce_portal/vendor/laravel/framework/src/Illuminate/Container/Container.php(1052): Illuminate\\Container\\Container->resolveDependencies(Array)
#12 /home/rashed/Desktop/Laravel/Projects/ecommerce_portal/vendor/laravel/framework/src/Illuminate/Container/Container.php(890): Illuminate\\Container\\Container->build('Illuminate\\\\Cook...')
#13 /home/rashed/Desktop/Laravel/Projects/ecommerce_portal/vendor/laravel/framework/src/Illuminate/Foundation/Application.php(1077): Illuminate\\Container\\Container->resolve('Illuminate\\\\Cook...', Array, true)
#14 /home/rashed/Desktop/Laravel/Projects/ecommerce_portal/vendor/laravel/framework/src/Illuminate/Container/Container.php(821): Illuminate\\Foundation\\Application->resolve('Illuminate\\\\Cook...', Array)
#15 /home/rashed/Desktop/Laravel/Projects/ecommerce_portal/vendor/laravel/framework/src/Illuminate/Foundation/Application.php(1057): Illuminate\\Container\\Container->make('Illuminate\\\\Cook...', Array)
#16 /home/rashed/Desktop/Laravel/Projects/ecommerce_portal/vendor/laravel/framework/src/Illuminate/Foundation/Http/Kernel.php(257): Illuminate\\Foundation\\Application->make('Illuminate\\\\Cook...')
#17 /home/rashed/Desktop/Laravel/Projects/ecommerce_portal/vendor/laravel/framework/src/Illuminate/Foundation/Http/Kernel.php(215): Illuminate\\Foundation\\Http\\Kernel->terminateMiddleware(Object(Illuminate\\Http\\Request), Object(Illuminate\\Http\\Response))
#18 /home/rashed/Desktop/Laravel/Projects/ecommerce_portal/vendor/laravel/framework/src/Illuminate/Foundation/Application.php(1221): Illuminate\\Foundation\\Http\\Kernel->terminate(Object(Illuminate\\Http\\Request), Object(Illuminate\\Http\\Response))
#19 /home/rashed/Desktop/Laravel/Projects/ecommerce_portal/public/index.php(20): Illuminate\\Foundation\\Application->handleRequest(Object(Illuminate\\Http\\Request))
#20 /home/rashed/Desktop/Laravel/Projects/ecommerce_portal/vendor/laravel/framework/src/Illuminate/Foundation/resources/server.php(23): require_once('/home/rashed/De...')
#21 {main}
"} 
[2025-06-08 22:16:07] production.ERROR: Uncaught ErrorException: Cannot modify header information - headers already sent by (output started at /home/rashed/Desktop/Laravel/Projects/ecommerce_portal/vendor/symfony/http-foundation/Response.php:387) in /home/rashed/Desktop/Laravel/Projects/ecommerce_portal/vendor/symfony/http-foundation/Response.php:322
Stack trace:
#0 /home/rashed/Desktop/Laravel/Projects/ecommerce_portal/vendor/laravel/framework/src/Illuminate/Foundation/Bootstrap/HandleExceptions.php(256): Illuminate\Foundation\Bootstrap\HandleExceptions->handleError(2, 'Cannot modify h...', '/home/rashed/De...', 322)
#1 [internal function]: Illuminate\Foundation\Bootstrap\HandleExceptions->{closure:Illuminate\Foundation\Bootstrap\HandleExceptions::forwardsTo():255}(2, 'Cannot modify h...', '/home/rashed/De...', 322)
#2 /home/rashed/Desktop/Laravel/Projects/ecommerce_portal/vendor/symfony/http-foundation/Response.php(322): header('HTTP/1.1 500 In...', true, 500)
#3 /home/rashed/Desktop/Laravel/Projects/ecommerce_portal/vendor/symfony/http-foundation/Response.php(401): Symfony\Component\HttpFoundation\Response->sendHeaders()
#4 /home/rashed/Desktop/Laravel/Projects/ecommerce_portal/vendor/laravel/framework/src/Illuminate/Foundation/Bootstrap/HandleExceptions.php(219): Symfony\Component\HttpFoundation\Response->send()
#5 /home/rashed/Desktop/Laravel/Projects/ecommerce_portal/vendor/laravel/framework/src/Illuminate/Foundation/Bootstrap/HandleExceptions.php(196): Illuminate\Foundation\Bootstrap\HandleExceptions->renderHttpResponse(Object(Illuminate\Encryption\MissingAppKeyException))
#6 /home/rashed/Desktop/Laravel/Projects/ecommerce_portal/vendor/laravel/framework/src/Illuminate/Foundation/Bootstrap/HandleExceptions.php(256): Illuminate\Foundation\Bootstrap\HandleExceptions->handleException(Object(Illuminate\Encryption\MissingAppKeyException))
#7 [internal function]: Illuminate\Foundation\Bootstrap\HandleExceptions->{closure:Illuminate\Foundation\Bootstrap\HandleExceptions::forwardsTo():255}(Object(Illuminate\Encryption\MissingAppKeyException))
#8 {main}
  thrown {"exception":"[object] (Symfony\\Component\\ErrorHandler\\Error\\FatalError(code: 0): Uncaught ErrorException: Cannot modify header information - headers already sent by (output started at /home/rashed/Desktop/Laravel/Projects/ecommerce_portal/vendor/symfony/http-foundation/Response.php:387) in /home/rashed/Desktop/Laravel/Projects/ecommerce_portal/vendor/symfony/http-foundation/Response.php:322
Stack trace:
#0 /home/rashed/Desktop/Laravel/Projects/ecommerce_portal/vendor/laravel/framework/src/Illuminate/Foundation/Bootstrap/HandleExceptions.php(256): Illuminate\\Foundation\\Bootstrap\\HandleExceptions->handleError(2, 'Cannot modify h...', '/home/rashed/De...', 322)
#1 [internal function]: Illuminate\\Foundation\\Bootstrap\\HandleExceptions->{closure:Illuminate\\Foundation\\Bootstrap\\HandleExceptions::forwardsTo():255}(2, 'Cannot modify h...', '/home/rashed/De...', 322)
#2 /home/rashed/Desktop/Laravel/Projects/ecommerce_portal/vendor/symfony/http-foundation/Response.php(322): header('HTTP/1.1 500 In...', true, 500)
#3 /home/rashed/Desktop/Laravel/Projects/ecommerce_portal/vendor/symfony/http-foundation/Response.php(401): Symfony\\Component\\HttpFoundation\\Response->sendHeaders()
#4 /home/rashed/Desktop/Laravel/Projects/ecommerce_portal/vendor/laravel/framework/src/Illuminate/Foundation/Bootstrap/HandleExceptions.php(219): Symfony\\Component\\HttpFoundation\\Response->send()
#5 /home/rashed/Desktop/Laravel/Projects/ecommerce_portal/vendor/laravel/framework/src/Illuminate/Foundation/Bootstrap/HandleExceptions.php(196): Illuminate\\Foundation\\Bootstrap\\HandleExceptions->renderHttpResponse(Object(Illuminate\\Encryption\\MissingAppKeyException))
#6 /home/rashed/Desktop/Laravel/Projects/ecommerce_portal/vendor/laravel/framework/src/Illuminate/Foundation/Bootstrap/HandleExceptions.php(256): Illuminate\\Foundation\\Bootstrap\\HandleExceptions->handleException(Object(Illuminate\\Encryption\\MissingAppKeyException))
#7 [internal function]: Illuminate\\Foundation\\Bootstrap\\HandleExceptions->{closure:Illuminate\\Foundation\\Bootstrap\\HandleExceptions::forwardsTo():255}(Object(Illuminate\\Encryption\\MissingAppKeyException))
#8 {main}
  thrown at /home/rashed/Desktop/Laravel/Projects/ecommerce_portal/vendor/symfony/http-foundation/Response.php:322)
[stacktrace]
#0 {main}
"} 
[2025-06-08 22:19:05] local.ERROR: No application encryption key has been specified. {"exception":"[object] (Illuminate\\Encryption\\MissingAppKeyException(code: 0): No application encryption key has been specified. at /home/rashed/Desktop/Laravel/Projects/ecommerce_portal/vendor/laravel/framework/src/Illuminate/Encryption/EncryptionServiceProvider.php:83)
[stacktrace]
#0 /home/rashed/Desktop/Laravel/Projects/ecommerce_portal/vendor/laravel/framework/src/Illuminate/Support/helpers.php(399): Illuminate\\Encryption\\EncryptionServiceProvider->{closure:Illuminate\\Encryption\\EncryptionServiceProvider::key():81}('')
#1 /home/rashed/Desktop/Laravel/Projects/ecommerce_portal/vendor/laravel/framework/src/Illuminate/Encryption/EncryptionServiceProvider.php(81): tap('', Object(Closure))
#2 /home/rashed/Desktop/Laravel/Projects/ecommerce_portal/vendor/laravel/framework/src/Illuminate/Encryption/EncryptionServiceProvider.php(64): Illuminate\\Encryption\\EncryptionServiceProvider->key(Array)
#3 /home/rashed/Desktop/Laravel/Projects/ecommerce_portal/vendor/laravel/framework/src/Illuminate/Encryption/EncryptionServiceProvider.php(32): Illuminate\\Encryption\\EncryptionServiceProvider->parseKey(Array)
#4 /home/rashed/Desktop/Laravel/Projects/ecommerce_portal/vendor/laravel/framework/src/Illuminate/Container/Container.php(1010): Illuminate\\Encryption\\EncryptionServiceProvider->{closure:Illuminate\\Encryption\\EncryptionServiceProvider::registerEncrypter():29}(Object(Illuminate\\Foundation\\Application), Array)
#5 /home/rashed/Desktop/Laravel/Projects/ecommerce_portal/vendor/laravel/framework/src/Illuminate/Container/Container.php(890): Illuminate\\Container\\Container->build(Object(Closure))
#6 /home/rashed/Desktop/Laravel/Projects/ecommerce_portal/vendor/laravel/framework/src/Illuminate/Foundation/Application.php(1077): Illuminate\\Container\\Container->resolve('encrypter', Array, true)
#7 /home/rashed/Desktop/Laravel/Projects/ecommerce_portal/vendor/laravel/framework/src/Illuminate/Container/Container.php(821): Illuminate\\Foundation\\Application->resolve('encrypter', Array)
#8 /home/rashed/Desktop/Laravel/Projects/ecommerce_portal/vendor/laravel/framework/src/Illuminate/Foundation/Application.php(1057): Illuminate\\Container\\Container->make('encrypter', Array)
#9 /home/rashed/Desktop/Laravel/Projects/ecommerce_portal/vendor/laravel/framework/src/Illuminate/Container/Container.php(1202): Illuminate\\Foundation\\Application->make('encrypter')
#10 /home/rashed/Desktop/Laravel/Projects/ecommerce_portal/vendor/laravel/framework/src/Illuminate/Container/Container.php(1101): Illuminate\\Container\\Container->resolveClass(Object(ReflectionParameter))
#11 /home/rashed/Desktop/Laravel/Projects/ecommerce_portal/vendor/laravel/framework/src/Illuminate/Container/Container.php(1052): Illuminate\\Container\\Container->resolveDependencies(Array)
#12 /home/rashed/Desktop/Laravel/Projects/ecommerce_portal/vendor/laravel/framework/src/Illuminate/Container/Container.php(890): Illuminate\\Container\\Container->build('Illuminate\\\\Cook...')
#13 /home/rashed/Desktop/Laravel/Projects/ecommerce_portal/vendor/laravel/framework/src/Illuminate/Foundation/Application.php(1077): Illuminate\\Container\\Container->resolve('Illuminate\\\\Cook...', Array, true)
#14 /home/rashed/Desktop/Laravel/Projects/ecommerce_portal/vendor/laravel/framework/src/Illuminate/Container/Container.php(821): Illuminate\\Foundation\\Application->resolve('Illuminate\\\\Cook...', Array)
#15 /home/rashed/Desktop/Laravel/Projects/ecommerce_portal/vendor/laravel/framework/src/Illuminate/Foundation/Application.php(1057): Illuminate\\Container\\Container->make('Illuminate\\\\Cook...', Array)
#16 /home/rashed/Desktop/Laravel/Projects/ecommerce_portal/vendor/laravel/framework/src/Illuminate/Pipeline/Pipeline.php(197): Illuminate\\Foundation\\Application->make('Illuminate\\\\Cook...')
#17 /home/rashed/Desktop/Laravel/Projects/ecommerce_portal/vendor/laravel/framework/src/Illuminate/Pipeline/Pipeline.php(126): Illuminate\\Pipeline\\Pipeline->{closure:{closure:Illuminate\\Pipeline\\Pipeline::carry():183}:184}(Object(Illuminate\\Http\\Request))
#18 /home/rashed/Desktop/Laravel/Projects/ecommerce_portal/vendor/laravel/framework/src/Illuminate/Routing/Router.php(807): Illuminate\\Pipeline\\Pipeline->then(Object(Closure))
#19 /home/rashed/Desktop/Laravel/Projects/ecommerce_portal/vendor/laravel/framework/src/Illuminate/Routing/Router.php(786): Illuminate\\Routing\\Router->runRouteWithinStack(Object(Illuminate\\Routing\\Route), Object(Illuminate\\Http\\Request))
#20 /home/rashed/Desktop/Laravel/Projects/ecommerce_portal/vendor/laravel/framework/src/Illuminate/Routing/Router.php(750): Illuminate\\Routing\\Router->runRoute(Object(Illuminate\\Http\\Request), Object(Illuminate\\Routing\\Route))
#21 /home/rashed/Desktop/Laravel/Projects/ecommerce_portal/vendor/laravel/framework/src/Illuminate/Routing/Router.php(739): Illuminate\\Routing\\Router->dispatchToRoute(Object(Illuminate\\Http\\Request))
#22 /home/rashed/Desktop/Laravel/Projects/ecommerce_portal/vendor/laravel/framework/src/Illuminate/Foundation/Http/Kernel.php(200): Illuminate\\Routing\\Router->dispatch(Object(Illuminate\\Http\\Request))
#23 /home/rashed/Desktop/Laravel/Projects/ecommerce_portal/vendor/laravel/framework/src/Illuminate/Pipeline/Pipeline.php(169): Illuminate\\Foundation\\Http\\Kernel->{closure:Illuminate\\Foundation\\Http\\Kernel::dispatchToRouter():197}(Object(Illuminate\\Http\\Request))
#24 /home/rashed/Desktop/Laravel/Projects/ecommerce_portal/vendor/laravel/framework/src/Illuminate/Foundation/Http/Middleware/TransformsRequest.php(21): Illuminate\\Pipeline\\Pipeline->{closure:Illuminate\\Pipeline\\Pipeline::prepareDestination():167}(Object(Illuminate\\Http\\Request))
#25 /home/rashed/Desktop/Laravel/Projects/ecommerce_portal/vendor/laravel/framework/src/Illuminate/Foundation/Http/Middleware/ConvertEmptyStringsToNull.php(31): Illuminate\\Foundation\\Http\\Middleware\\TransformsRequest->handle(Object(Illuminate\\Http\\Request), Object(Closure))
#26 /home/rashed/Desktop/Laravel/Projects/ecommerce_portal/vendor/laravel/framework/src/Illuminate/Pipeline/Pipeline.php(208): Illuminate\\Foundation\\Http\\Middleware\\ConvertEmptyStringsToNull->handle(Object(Illuminate\\Http\\Request), Object(Closure))
#27 /home/rashed/Desktop/Laravel/Projects/ecommerce_portal/vendor/laravel/framework/src/Illuminate/Foundation/Http/Middleware/TransformsRequest.php(21): Illuminate\\Pipeline\\Pipeline->{closure:{closure:Illuminate\\Pipeline\\Pipeline::carry():183}:184}(Object(Illuminate\\Http\\Request))
#28 /home/rashed/Desktop/Laravel/Projects/ecommerce_portal/vendor/laravel/framework/src/Illuminate/Foundation/Http/Middleware/TrimStrings.php(51): Illuminate\\Foundation\\Http\\Middleware\\TransformsRequest->handle(Object(Illuminate\\Http\\Request), Object(Closure))
#29 /home/rashed/Desktop/Laravel/Projects/ecommerce_portal/vendor/laravel/framework/src/Illuminate/Pipeline/Pipeline.php(208): Illuminate\\Foundation\\Http\\Middleware\\TrimStrings->handle(Object(Illuminate\\Http\\Request), Object(Closure))
#30 /home/rashed/Desktop/Laravel/Projects/ecommerce_portal/vendor/laravel/framework/src/Illuminate/Http/Middleware/ValidatePostSize.php(27): Illuminate\\Pipeline\\Pipeline->{closure:{closure:Illuminate\\Pipeline\\Pipeline::carry():183}:184}(Object(Illuminate\\Http\\Request))
#31 /home/rashed/Desktop/Laravel/Projects/ecommerce_portal/vendor/laravel/framework/src/Illuminate/Pipeline/Pipeline.php(208): Illuminate\\Http\\Middleware\\ValidatePostSize->handle(Object(Illuminate\\Http\\Request), Object(Closure))
#32 /home/rashed/Desktop/Laravel/Projects/ecommerce_portal/vendor/laravel/framework/src/Illuminate/Foundation/Http/Middleware/PreventRequestsDuringMaintenance.php(109): Illuminate\\Pipeline\\Pipeline->{closure:{closure:Illuminate\\Pipeline\\Pipeline::carry():183}:184}(Object(Illuminate\\Http\\Request))
#33 /home/rashed/Desktop/Laravel/Projects/ecommerce_portal/vendor/laravel/framework/src/Illuminate/Pipeline/Pipeline.php(208): Illuminate\\Foundation\\Http\\Middleware\\PreventRequestsDuringMaintenance->handle(Object(Illuminate\\Http\\Request), Object(Closure))
#34 /home/rashed/Desktop/Laravel/Projects/ecommerce_portal/vendor/laravel/framework/src/Illuminate/Http/Middleware/HandleCors.php(48): Illuminate\\Pipeline\\Pipeline->{closure:{closure:Illuminate\\Pipeline\\Pipeline::carry():183}:184}(Object(Illuminate\\Http\\Request))
#35 /home/rashed/Desktop/Laravel/Projects/ecommerce_portal/vendor/laravel/framework/src/Illuminate/Pipeline/Pipeline.php(208): Illuminate\\Http\\Middleware\\HandleCors->handle(Object(Illuminate\\Http\\Request), Object(Closure))
#36 /home/rashed/Desktop/Laravel/Projects/ecommerce_portal/vendor/laravel/framework/src/Illuminate/Http/Middleware/TrustProxies.php(58): Illuminate\\Pipeline\\Pipeline->{closure:{closure:Illuminate\\Pipeline\\Pipeline::carry():183}:184}(Object(Illuminate\\Http\\Request))
#37 /home/rashed/Desktop/Laravel/Projects/ecommerce_portal/vendor/laravel/framework/src/Illuminate/Pipeline/Pipeline.php(208): Illuminate\\Http\\Middleware\\TrustProxies->handle(Object(Illuminate\\Http\\Request), Object(Closure))
#38 /home/rashed/Desktop/Laravel/Projects/ecommerce_portal/vendor/laravel/framework/src/Illuminate/Foundation/Http/Middleware/InvokeDeferredCallbacks.php(22): Illuminate\\Pipeline\\Pipeline->{closure:{closure:Illuminate\\Pipeline\\Pipeline::carry():183}:184}(Object(Illuminate\\Http\\Request))
#39 /home/rashed/Desktop/Laravel/Projects/ecommerce_portal/vendor/laravel/framework/src/Illuminate/Pipeline/Pipeline.php(208): Illuminate\\Foundation\\Http\\Middleware\\InvokeDeferredCallbacks->handle(Object(Illuminate\\Http\\Request), Object(Closure))
#40 /home/rashed/Desktop/Laravel/Projects/ecommerce_portal/vendor/laravel/framework/src/Illuminate/Http/Middleware/ValidatePathEncoding.php(26): Illuminate\\Pipeline\\Pipeline->{closure:{closure:Illuminate\\Pipeline\\Pipeline::carry():183}:184}(Object(Illuminate\\Http\\Request))
#41 /home/rashed/Desktop/Laravel/Projects/ecommerce_portal/vendor/laravel/framework/src/Illuminate/Pipeline/Pipeline.php(208): Illuminate\\Http\\Middleware\\ValidatePathEncoding->handle(Object(Illuminate\\Http\\Request), Object(Closure))
#42 /home/rashed/Desktop/Laravel/Projects/ecommerce_portal/vendor/laravel/framework/src/Illuminate/Pipeline/Pipeline.php(126): Illuminate\\Pipeline\\Pipeline->{closure:{closure:Illuminate\\Pipeline\\Pipeline::carry():183}:184}(Object(Illuminate\\Http\\Request))
#43 /home/rashed/Desktop/Laravel/Projects/ecommerce_portal/vendor/laravel/framework/src/Illuminate/Foundation/Http/Kernel.php(175): Illuminate\\Pipeline\\Pipeline->then(Object(Closure))
#44 /home/rashed/Desktop/Laravel/Projects/ecommerce_portal/vendor/laravel/framework/src/Illuminate/Foundation/Http/Kernel.php(144): Illuminate\\Foundation\\Http\\Kernel->sendRequestThroughRouter(Object(Illuminate\\Http\\Request))
#45 /home/rashed/Desktop/Laravel/Projects/ecommerce_portal/vendor/laravel/framework/src/Illuminate/Foundation/Application.php(1219): Illuminate\\Foundation\\Http\\Kernel->handle(Object(Illuminate\\Http\\Request))
#46 /home/rashed/Desktop/Laravel/Projects/ecommerce_portal/public/index.php(20): Illuminate\\Foundation\\Application->handleRequest(Object(Illuminate\\Http\\Request))
#47 /home/rashed/Desktop/Laravel/Projects/ecommerce_portal/vendor/laravel/framework/src/Illuminate/Foundation/resources/server.php(23): require_once('/home/rashed/De...')
#48 {main}
"} 
[2025-06-08 22:19:05] local.ERROR: No application encryption key has been specified. {"exception":"[object] (Illuminate\\Encryption\\MissingAppKeyException(code: 0): No application encryption key has been specified. at /home/rashed/Desktop/Laravel/Projects/ecommerce_portal/vendor/laravel/framework/src/Illuminate/Encryption/EncryptionServiceProvider.php:83)
[stacktrace]
#0 /home/rashed/Desktop/Laravel/Projects/ecommerce_portal/vendor/laravel/framework/src/Illuminate/Support/helpers.php(399): Illuminate\\Encryption\\EncryptionServiceProvider->{closure:Illuminate\\Encryption\\EncryptionServiceProvider::key():81}('')
#1 /home/rashed/Desktop/Laravel/Projects/ecommerce_portal/vendor/laravel/framework/src/Illuminate/Encryption/EncryptionServiceProvider.php(81): tap('', Object(Closure))
#2 /home/rashed/Desktop/Laravel/Projects/ecommerce_portal/vendor/laravel/framework/src/Illuminate/Encryption/EncryptionServiceProvider.php(64): Illuminate\\Encryption\\EncryptionServiceProvider->key(Array)
#3 /home/rashed/Desktop/Laravel/Projects/ecommerce_portal/vendor/laravel/framework/src/Illuminate/Encryption/EncryptionServiceProvider.php(32): Illuminate\\Encryption\\EncryptionServiceProvider->parseKey(Array)
#4 /home/rashed/Desktop/Laravel/Projects/ecommerce_portal/vendor/laravel/framework/src/Illuminate/Container/Container.php(1010): Illuminate\\Encryption\\EncryptionServiceProvider->{closure:Illuminate\\Encryption\\EncryptionServiceProvider::registerEncrypter():29}(Object(Illuminate\\Foundation\\Application), Array)
#5 /home/rashed/Desktop/Laravel/Projects/ecommerce_portal/vendor/laravel/framework/src/Illuminate/Container/Container.php(890): Illuminate\\Container\\Container->build(Object(Closure))
#6 /home/rashed/Desktop/Laravel/Projects/ecommerce_portal/vendor/laravel/framework/src/Illuminate/Foundation/Application.php(1077): Illuminate\\Container\\Container->resolve('encrypter', Array, true)
#7 /home/rashed/Desktop/Laravel/Projects/ecommerce_portal/vendor/laravel/framework/src/Illuminate/Container/Container.php(821): Illuminate\\Foundation\\Application->resolve('encrypter', Array)
#8 /home/rashed/Desktop/Laravel/Projects/ecommerce_portal/vendor/laravel/framework/src/Illuminate/Foundation/Application.php(1057): Illuminate\\Container\\Container->make('encrypter', Array)
#9 /home/rashed/Desktop/Laravel/Projects/ecommerce_portal/vendor/laravel/framework/src/Illuminate/Container/Container.php(1202): Illuminate\\Foundation\\Application->make('encrypter')
#10 /home/rashed/Desktop/Laravel/Projects/ecommerce_portal/vendor/laravel/framework/src/Illuminate/Container/Container.php(1101): Illuminate\\Container\\Container->resolveClass(Object(ReflectionParameter))
#11 /home/rashed/Desktop/Laravel/Projects/ecommerce_portal/vendor/laravel/framework/src/Illuminate/Container/Container.php(1052): Illuminate\\Container\\Container->resolveDependencies(Array)
#12 /home/rashed/Desktop/Laravel/Projects/ecommerce_portal/vendor/laravel/framework/src/Illuminate/Container/Container.php(890): Illuminate\\Container\\Container->build('Illuminate\\\\Cook...')
#13 /home/rashed/Desktop/Laravel/Projects/ecommerce_portal/vendor/laravel/framework/src/Illuminate/Foundation/Application.php(1077): Illuminate\\Container\\Container->resolve('Illuminate\\\\Cook...', Array, true)
#14 /home/rashed/Desktop/Laravel/Projects/ecommerce_portal/vendor/laravel/framework/src/Illuminate/Container/Container.php(821): Illuminate\\Foundation\\Application->resolve('Illuminate\\\\Cook...', Array)
#15 /home/rashed/Desktop/Laravel/Projects/ecommerce_portal/vendor/laravel/framework/src/Illuminate/Foundation/Application.php(1057): Illuminate\\Container\\Container->make('Illuminate\\\\Cook...', Array)
#16 /home/rashed/Desktop/Laravel/Projects/ecommerce_portal/vendor/laravel/framework/src/Illuminate/Foundation/Http/Kernel.php(257): Illuminate\\Foundation\\Application->make('Illuminate\\\\Cook...')
#17 /home/rashed/Desktop/Laravel/Projects/ecommerce_portal/vendor/laravel/framework/src/Illuminate/Foundation/Http/Kernel.php(215): Illuminate\\Foundation\\Http\\Kernel->terminateMiddleware(Object(Illuminate\\Http\\Request), Object(Illuminate\\Http\\Response))
#18 /home/rashed/Desktop/Laravel/Projects/ecommerce_portal/vendor/laravel/framework/src/Illuminate/Foundation/Application.php(1221): Illuminate\\Foundation\\Http\\Kernel->terminate(Object(Illuminate\\Http\\Request), Object(Illuminate\\Http\\Response))
#19 /home/rashed/Desktop/Laravel/Projects/ecommerce_portal/public/index.php(20): Illuminate\\Foundation\\Application->handleRequest(Object(Illuminate\\Http\\Request))
#20 /home/rashed/Desktop/Laravel/Projects/ecommerce_portal/vendor/laravel/framework/src/Illuminate/Foundation/resources/server.php(23): require_once('/home/rashed/De...')
#21 {main}
"} 
[2025-06-08 22:19:05] local.ERROR: Uncaught ErrorException: Cannot modify header information - headers already sent by (output started at /home/rashed/Desktop/Laravel/Projects/ecommerce_portal/vendor/symfony/http-foundation/Response.php:387) in /home/rashed/Desktop/Laravel/Projects/ecommerce_portal/vendor/symfony/http-foundation/Response.php:322
Stack trace:
#0 /home/rashed/Desktop/Laravel/Projects/ecommerce_portal/vendor/laravel/framework/src/Illuminate/Foundation/Bootstrap/HandleExceptions.php(256): Illuminate\Foundation\Bootstrap\HandleExceptions->handleError(2, 'Cannot modify h...', '/home/rashed/De...', 322)
#1 [internal function]: Illuminate\Foundation\Bootstrap\HandleExceptions->{closure:Illuminate\Foundation\Bootstrap\HandleExceptions::forwardsTo():255}(2, 'Cannot modify h...', '/home/rashed/De...', 322)
#2 /home/rashed/Desktop/Laravel/Projects/ecommerce_portal/vendor/symfony/http-foundation/Response.php(322): header('HTTP/1.1 500 In...', true, 500)
#3 /home/rashed/Desktop/Laravel/Projects/ecommerce_portal/vendor/symfony/http-foundation/Response.php(401): Symfony\Component\HttpFoundation\Response->sendHeaders()
#4 /home/rashed/Desktop/Laravel/Projects/ecommerce_portal/vendor/laravel/framework/src/Illuminate/Foundation/Bootstrap/HandleExceptions.php(219): Symfony\Component\HttpFoundation\Response->send()
#5 /home/rashed/Desktop/Laravel/Projects/ecommerce_portal/vendor/laravel/framework/src/Illuminate/Foundation/Bootstrap/HandleExceptions.php(196): Illuminate\Foundation\Bootstrap\HandleExceptions->renderHttpResponse(Object(Illuminate\Encryption\MissingAppKeyException))
#6 /home/rashed/Desktop/Laravel/Projects/ecommerce_portal/vendor/laravel/framework/src/Illuminate/Foundation/Bootstrap/HandleExceptions.php(256): Illuminate\Foundation\Bootstrap\HandleExceptions->handleException(Object(Illuminate\Encryption\MissingAppKeyException))
#7 [internal function]: Illuminate\Foundation\Bootstrap\HandleExceptions->{closure:Illuminate\Foundation\Bootstrap\HandleExceptions::forwardsTo():255}(Object(Illuminate\Encryption\MissingAppKeyException))
#8 {main}
  thrown {"exception":"[object] (Symfony\\Component\\ErrorHandler\\Error\\FatalError(code: 0): Uncaught ErrorException: Cannot modify header information - headers already sent by (output started at /home/rashed/Desktop/Laravel/Projects/ecommerce_portal/vendor/symfony/http-foundation/Response.php:387) in /home/rashed/Desktop/Laravel/Projects/ecommerce_portal/vendor/symfony/http-foundation/Response.php:322
Stack trace:
#0 /home/rashed/Desktop/Laravel/Projects/ecommerce_portal/vendor/laravel/framework/src/Illuminate/Foundation/Bootstrap/HandleExceptions.php(256): Illuminate\\Foundation\\Bootstrap\\HandleExceptions->handleError(2, 'Cannot modify h...', '/home/rashed/De...', 322)
#1 [internal function]: Illuminate\\Foundation\\Bootstrap\\HandleExceptions->{closure:Illuminate\\Foundation\\Bootstrap\\HandleExceptions::forwardsTo():255}(2, 'Cannot modify h...', '/home/rashed/De...', 322)
#2 /home/rashed/Desktop/Laravel/Projects/ecommerce_portal/vendor/symfony/http-foundation/Response.php(322): header('HTTP/1.1 500 In...', true, 500)
#3 /home/rashed/Desktop/Laravel/Projects/ecommerce_portal/vendor/symfony/http-foundation/Response.php(401): Symfony\\Component\\HttpFoundation\\Response->sendHeaders()
#4 /home/rashed/Desktop/Laravel/Projects/ecommerce_portal/vendor/laravel/framework/src/Illuminate/Foundation/Bootstrap/HandleExceptions.php(219): Symfony\\Component\\HttpFoundation\\Response->send()
#5 /home/rashed/Desktop/Laravel/Projects/ecommerce_portal/vendor/laravel/framework/src/Illuminate/Foundation/Bootstrap/HandleExceptions.php(196): Illuminate\\Foundation\\Bootstrap\\HandleExceptions->renderHttpResponse(Object(Illuminate\\Encryption\\MissingAppKeyException))
#6 /home/rashed/Desktop/Laravel/Projects/ecommerce_portal/vendor/laravel/framework/src/Illuminate/Foundation/Bootstrap/HandleExceptions.php(256): Illuminate\\Foundation\\Bootstrap\\HandleExceptions->handleException(Object(Illuminate\\Encryption\\MissingAppKeyException))
#7 [internal function]: Illuminate\\Foundation\\Bootstrap\\HandleExceptions->{closure:Illuminate\\Foundation\\Bootstrap\\HandleExceptions::forwardsTo():255}(Object(Illuminate\\Encryption\\MissingAppKeyException))
#8 {main}
  thrown at /home/rashed/Desktop/Laravel/Projects/ecommerce_portal/vendor/symfony/http-foundation/Response.php:322)
[stacktrace]
#0 {main}
"} 
[2025-06-08 22:19:22] local.ERROR: No application encryption key has been specified. {"exception":"[object] (Illuminate\\Encryption\\MissingAppKeyException(code: 0): No application encryption key has been specified. at /home/rashed/Desktop/Laravel/Projects/ecommerce_portal/vendor/laravel/framework/src/Illuminate/Encryption/EncryptionServiceProvider.php:83)
[stacktrace]
#0 /home/rashed/Desktop/Laravel/Projects/ecommerce_portal/vendor/laravel/framework/src/Illuminate/Support/helpers.php(399): Illuminate\\Encryption\\EncryptionServiceProvider->{closure:Illuminate\\Encryption\\EncryptionServiceProvider::key():81}('')
#1 /home/rashed/Desktop/Laravel/Projects/ecommerce_portal/vendor/laravel/framework/src/Illuminate/Encryption/EncryptionServiceProvider.php(81): tap('', Object(Closure))
#2 /home/rashed/Desktop/Laravel/Projects/ecommerce_portal/vendor/laravel/framework/src/Illuminate/Encryption/EncryptionServiceProvider.php(64): Illuminate\\Encryption\\EncryptionServiceProvider->key(Array)
#3 /home/rashed/Desktop/Laravel/Projects/ecommerce_portal/vendor/laravel/framework/src/Illuminate/Encryption/EncryptionServiceProvider.php(32): Illuminate\\Encryption\\EncryptionServiceProvider->parseKey(Array)
#4 /home/rashed/Desktop/Laravel/Projects/ecommerce_portal/vendor/laravel/framework/src/Illuminate/Container/Container.php(1010): Illuminate\\Encryption\\EncryptionServiceProvider->{closure:Illuminate\\Encryption\\EncryptionServiceProvider::registerEncrypter():29}(Object(Illuminate\\Foundation\\Application), Array)
#5 /home/rashed/Desktop/Laravel/Projects/ecommerce_portal/vendor/laravel/framework/src/Illuminate/Container/Container.php(890): Illuminate\\Container\\Container->build(Object(Closure))
#6 /home/rashed/Desktop/Laravel/Projects/ecommerce_portal/vendor/laravel/framework/src/Illuminate/Foundation/Application.php(1077): Illuminate\\Container\\Container->resolve('encrypter', Array, true)
#7 /home/rashed/Desktop/Laravel/Projects/ecommerce_portal/vendor/laravel/framework/src/Illuminate/Container/Container.php(821): Illuminate\\Foundation\\Application->resolve('encrypter', Array)
#8 /home/rashed/Desktop/Laravel/Projects/ecommerce_portal/vendor/laravel/framework/src/Illuminate/Foundation/Application.php(1057): Illuminate\\Container\\Container->make('encrypter', Array)
#9 /home/rashed/Desktop/Laravel/Projects/ecommerce_portal/vendor/laravel/framework/src/Illuminate/Container/Container.php(1202): Illuminate\\Foundation\\Application->make('encrypter')
#10 /home/rashed/Desktop/Laravel/Projects/ecommerce_portal/vendor/laravel/framework/src/Illuminate/Container/Container.php(1101): Illuminate\\Container\\Container->resolveClass(Object(ReflectionParameter))
#11 /home/rashed/Desktop/Laravel/Projects/ecommerce_portal/vendor/laravel/framework/src/Illuminate/Container/Container.php(1052): Illuminate\\Container\\Container->resolveDependencies(Array)
#12 /home/rashed/Desktop/Laravel/Projects/ecommerce_portal/vendor/laravel/framework/src/Illuminate/Container/Container.php(890): Illuminate\\Container\\Container->build('Illuminate\\\\Cook...')
#13 /home/rashed/Desktop/Laravel/Projects/ecommerce_portal/vendor/laravel/framework/src/Illuminate/Foundation/Application.php(1077): Illuminate\\Container\\Container->resolve('Illuminate\\\\Cook...', Array, true)
#14 /home/rashed/Desktop/Laravel/Projects/ecommerce_portal/vendor/laravel/framework/src/Illuminate/Container/Container.php(821): Illuminate\\Foundation\\Application->resolve('Illuminate\\\\Cook...', Array)
#15 /home/rashed/Desktop/Laravel/Projects/ecommerce_portal/vendor/laravel/framework/src/Illuminate/Foundation/Application.php(1057): Illuminate\\Container\\Container->make('Illuminate\\\\Cook...', Array)
#16 /home/rashed/Desktop/Laravel/Projects/ecommerce_portal/vendor/laravel/framework/src/Illuminate/Pipeline/Pipeline.php(197): Illuminate\\Foundation\\Application->make('Illuminate\\\\Cook...')
#17 /home/rashed/Desktop/Laravel/Projects/ecommerce_portal/vendor/laravel/framework/src/Illuminate/Pipeline/Pipeline.php(126): Illuminate\\Pipeline\\Pipeline->{closure:{closure:Illuminate\\Pipeline\\Pipeline::carry():183}:184}(Object(Illuminate\\Http\\Request))
#18 /home/rashed/Desktop/Laravel/Projects/ecommerce_portal/vendor/laravel/framework/src/Illuminate/Routing/Router.php(807): Illuminate\\Pipeline\\Pipeline->then(Object(Closure))
#19 /home/rashed/Desktop/Laravel/Projects/ecommerce_portal/vendor/laravel/framework/src/Illuminate/Routing/Router.php(786): Illuminate\\Routing\\Router->runRouteWithinStack(Object(Illuminate\\Routing\\Route), Object(Illuminate\\Http\\Request))
#20 /home/rashed/Desktop/Laravel/Projects/ecommerce_portal/vendor/laravel/framework/src/Illuminate/Routing/Router.php(750): Illuminate\\Routing\\Router->runRoute(Object(Illuminate\\Http\\Request), Object(Illuminate\\Routing\\Route))
#21 /home/rashed/Desktop/Laravel/Projects/ecommerce_portal/vendor/laravel/framework/src/Illuminate/Routing/Router.php(739): Illuminate\\Routing\\Router->dispatchToRoute(Object(Illuminate\\Http\\Request))
#22 /home/rashed/Desktop/Laravel/Projects/ecommerce_portal/vendor/laravel/framework/src/Illuminate/Foundation/Http/Kernel.php(200): Illuminate\\Routing\\Router->dispatch(Object(Illuminate\\Http\\Request))
#23 /home/rashed/Desktop/Laravel/Projects/ecommerce_portal/vendor/laravel/framework/src/Illuminate/Pipeline/Pipeline.php(169): Illuminate\\Foundation\\Http\\Kernel->{closure:Illuminate\\Foundation\\Http\\Kernel::dispatchToRouter():197}(Object(Illuminate\\Http\\Request))
#24 /home/rashed/Desktop/Laravel/Projects/ecommerce_portal/vendor/laravel/framework/src/Illuminate/Foundation/Http/Middleware/TransformsRequest.php(21): Illuminate\\Pipeline\\Pipeline->{closure:Illuminate\\Pipeline\\Pipeline::prepareDestination():167}(Object(Illuminate\\Http\\Request))
#25 /home/rashed/Desktop/Laravel/Projects/ecommerce_portal/vendor/laravel/framework/src/Illuminate/Foundation/Http/Middleware/ConvertEmptyStringsToNull.php(31): Illuminate\\Foundation\\Http\\Middleware\\TransformsRequest->handle(Object(Illuminate\\Http\\Request), Object(Closure))
#26 /home/rashed/Desktop/Laravel/Projects/ecommerce_portal/vendor/laravel/framework/src/Illuminate/Pipeline/Pipeline.php(208): Illuminate\\Foundation\\Http\\Middleware\\ConvertEmptyStringsToNull->handle(Object(Illuminate\\Http\\Request), Object(Closure))
#27 /home/rashed/Desktop/Laravel/Projects/ecommerce_portal/vendor/laravel/framework/src/Illuminate/Foundation/Http/Middleware/TransformsRequest.php(21): Illuminate\\Pipeline\\Pipeline->{closure:{closure:Illuminate\\Pipeline\\Pipeline::carry():183}:184}(Object(Illuminate\\Http\\Request))
#28 /home/rashed/Desktop/Laravel/Projects/ecommerce_portal/vendor/laravel/framework/src/Illuminate/Foundation/Http/Middleware/TrimStrings.php(51): Illuminate\\Foundation\\Http\\Middleware\\TransformsRequest->handle(Object(Illuminate\\Http\\Request), Object(Closure))
#29 /home/rashed/Desktop/Laravel/Projects/ecommerce_portal/vendor/laravel/framework/src/Illuminate/Pipeline/Pipeline.php(208): Illuminate\\Foundation\\Http\\Middleware\\TrimStrings->handle(Object(Illuminate\\Http\\Request), Object(Closure))
#30 /home/rashed/Desktop/Laravel/Projects/ecommerce_portal/vendor/laravel/framework/src/Illuminate/Http/Middleware/ValidatePostSize.php(27): Illuminate\\Pipeline\\Pipeline->{closure:{closure:Illuminate\\Pipeline\\Pipeline::carry():183}:184}(Object(Illuminate\\Http\\Request))
#31 /home/rashed/Desktop/Laravel/Projects/ecommerce_portal/vendor/laravel/framework/src/Illuminate/Pipeline/Pipeline.php(208): Illuminate\\Http\\Middleware\\ValidatePostSize->handle(Object(Illuminate\\Http\\Request), Object(Closure))
#32 /home/rashed/Desktop/Laravel/Projects/ecommerce_portal/vendor/laravel/framework/src/Illuminate/Foundation/Http/Middleware/PreventRequestsDuringMaintenance.php(109): Illuminate\\Pipeline\\Pipeline->{closure:{closure:Illuminate\\Pipeline\\Pipeline::carry():183}:184}(Object(Illuminate\\Http\\Request))
#33 /home/rashed/Desktop/Laravel/Projects/ecommerce_portal/vendor/laravel/framework/src/Illuminate/Pipeline/Pipeline.php(208): Illuminate\\Foundation\\Http\\Middleware\\PreventRequestsDuringMaintenance->handle(Object(Illuminate\\Http\\Request), Object(Closure))
#34 /home/rashed/Desktop/Laravel/Projects/ecommerce_portal/vendor/laravel/framework/src/Illuminate/Http/Middleware/HandleCors.php(48): Illuminate\\Pipeline\\Pipeline->{closure:{closure:Illuminate\\Pipeline\\Pipeline::carry():183}:184}(Object(Illuminate\\Http\\Request))
#35 /home/rashed/Desktop/Laravel/Projects/ecommerce_portal/vendor/laravel/framework/src/Illuminate/Pipeline/Pipeline.php(208): Illuminate\\Http\\Middleware\\HandleCors->handle(Object(Illuminate\\Http\\Request), Object(Closure))
#36 /home/rashed/Desktop/Laravel/Projects/ecommerce_portal/vendor/laravel/framework/src/Illuminate/Http/Middleware/TrustProxies.php(58): Illuminate\\Pipeline\\Pipeline->{closure:{closure:Illuminate\\Pipeline\\Pipeline::carry():183}:184}(Object(Illuminate\\Http\\Request))
#37 /home/rashed/Desktop/Laravel/Projects/ecommerce_portal/vendor/laravel/framework/src/Illuminate/Pipeline/Pipeline.php(208): Illuminate\\Http\\Middleware\\TrustProxies->handle(Object(Illuminate\\Http\\Request), Object(Closure))
#38 /home/rashed/Desktop/Laravel/Projects/ecommerce_portal/vendor/laravel/framework/src/Illuminate/Foundation/Http/Middleware/InvokeDeferredCallbacks.php(22): Illuminate\\Pipeline\\Pipeline->{closure:{closure:Illuminate\\Pipeline\\Pipeline::carry():183}:184}(Object(Illuminate\\Http\\Request))
#39 /home/rashed/Desktop/Laravel/Projects/ecommerce_portal/vendor/laravel/framework/src/Illuminate/Pipeline/Pipeline.php(208): Illuminate\\Foundation\\Http\\Middleware\\InvokeDeferredCallbacks->handle(Object(Illuminate\\Http\\Request), Object(Closure))
#40 /home/rashed/Desktop/Laravel/Projects/ecommerce_portal/vendor/laravel/framework/src/Illuminate/Http/Middleware/ValidatePathEncoding.php(26): Illuminate\\Pipeline\\Pipeline->{closure:{closure:Illuminate\\Pipeline\\Pipeline::carry():183}:184}(Object(Illuminate\\Http\\Request))
#41 /home/rashed/Desktop/Laravel/Projects/ecommerce_portal/vendor/laravel/framework/src/Illuminate/Pipeline/Pipeline.php(208): Illuminate\\Http\\Middleware\\ValidatePathEncoding->handle(Object(Illuminate\\Http\\Request), Object(Closure))
#42 /home/rashed/Desktop/Laravel/Projects/ecommerce_portal/vendor/laravel/framework/src/Illuminate/Pipeline/Pipeline.php(126): Illuminate\\Pipeline\\Pipeline->{closure:{closure:Illuminate\\Pipeline\\Pipeline::carry():183}:184}(Object(Illuminate\\Http\\Request))
#43 /home/rashed/Desktop/Laravel/Projects/ecommerce_portal/vendor/laravel/framework/src/Illuminate/Foundation/Http/Kernel.php(175): Illuminate\\Pipeline\\Pipeline->then(Object(Closure))
#44 /home/rashed/Desktop/Laravel/Projects/ecommerce_portal/vendor/laravel/framework/src/Illuminate/Foundation/Http/Kernel.php(144): Illuminate\\Foundation\\Http\\Kernel->sendRequestThroughRouter(Object(Illuminate\\Http\\Request))
#45 /home/rashed/Desktop/Laravel/Projects/ecommerce_portal/vendor/laravel/framework/src/Illuminate/Foundation/Application.php(1219): Illuminate\\Foundation\\Http\\Kernel->handle(Object(Illuminate\\Http\\Request))
#46 /home/rashed/Desktop/Laravel/Projects/ecommerce_portal/public/index.php(20): Illuminate\\Foundation\\Application->handleRequest(Object(Illuminate\\Http\\Request))
#47 /home/rashed/Desktop/Laravel/Projects/ecommerce_portal/vendor/laravel/framework/src/Illuminate/Foundation/resources/server.php(23): require_once('/home/rashed/De...')
#48 {main}
"} 
[2025-06-08 22:19:22] local.ERROR: No application encryption key has been specified. {"exception":"[object] (Illuminate\\Encryption\\MissingAppKeyException(code: 0): No application encryption key has been specified. at /home/rashed/Desktop/Laravel/Projects/ecommerce_portal/vendor/laravel/framework/src/Illuminate/Encryption/EncryptionServiceProvider.php:83)
[stacktrace]
#0 /home/rashed/Desktop/Laravel/Projects/ecommerce_portal/vendor/laravel/framework/src/Illuminate/Support/helpers.php(399): Illuminate\\Encryption\\EncryptionServiceProvider->{closure:Illuminate\\Encryption\\EncryptionServiceProvider::key():81}('')
#1 /home/rashed/Desktop/Laravel/Projects/ecommerce_portal/vendor/laravel/framework/src/Illuminate/Encryption/EncryptionServiceProvider.php(81): tap('', Object(Closure))
#2 /home/rashed/Desktop/Laravel/Projects/ecommerce_portal/vendor/laravel/framework/src/Illuminate/Encryption/EncryptionServiceProvider.php(64): Illuminate\\Encryption\\EncryptionServiceProvider->key(Array)
#3 /home/rashed/Desktop/Laravel/Projects/ecommerce_portal/vendor/laravel/framework/src/Illuminate/Encryption/EncryptionServiceProvider.php(32): Illuminate\\Encryption\\EncryptionServiceProvider->parseKey(Array)
#4 /home/rashed/Desktop/Laravel/Projects/ecommerce_portal/vendor/laravel/framework/src/Illuminate/Container/Container.php(1010): Illuminate\\Encryption\\EncryptionServiceProvider->{closure:Illuminate\\Encryption\\EncryptionServiceProvider::registerEncrypter():29}(Object(Illuminate\\Foundation\\Application), Array)
#5 /home/rashed/Desktop/Laravel/Projects/ecommerce_portal/vendor/laravel/framework/src/Illuminate/Container/Container.php(890): Illuminate\\Container\\Container->build(Object(Closure))
#6 /home/rashed/Desktop/Laravel/Projects/ecommerce_portal/vendor/laravel/framework/src/Illuminate/Foundation/Application.php(1077): Illuminate\\Container\\Container->resolve('encrypter', Array, true)
#7 /home/rashed/Desktop/Laravel/Projects/ecommerce_portal/vendor/laravel/framework/src/Illuminate/Container/Container.php(821): Illuminate\\Foundation\\Application->resolve('encrypter', Array)
#8 /home/rashed/Desktop/Laravel/Projects/ecommerce_portal/vendor/laravel/framework/src/Illuminate/Foundation/Application.php(1057): Illuminate\\Container\\Container->make('encrypter', Array)
#9 /home/rashed/Desktop/Laravel/Projects/ecommerce_portal/vendor/laravel/framework/src/Illuminate/Container/Container.php(1202): Illuminate\\Foundation\\Application->make('encrypter')
#10 /home/rashed/Desktop/Laravel/Projects/ecommerce_portal/vendor/laravel/framework/src/Illuminate/Container/Container.php(1101): Illuminate\\Container\\Container->resolveClass(Object(ReflectionParameter))
#11 /home/rashed/Desktop/Laravel/Projects/ecommerce_portal/vendor/laravel/framework/src/Illuminate/Container/Container.php(1052): Illuminate\\Container\\Container->resolveDependencies(Array)
#12 /home/rashed/Desktop/Laravel/Projects/ecommerce_portal/vendor/laravel/framework/src/Illuminate/Container/Container.php(890): Illuminate\\Container\\Container->build('Illuminate\\\\Cook...')
#13 /home/rashed/Desktop/Laravel/Projects/ecommerce_portal/vendor/laravel/framework/src/Illuminate/Foundation/Application.php(1077): Illuminate\\Container\\Container->resolve('Illuminate\\\\Cook...', Array, true)
#14 /home/rashed/Desktop/Laravel/Projects/ecommerce_portal/vendor/laravel/framework/src/Illuminate/Container/Container.php(821): Illuminate\\Foundation\\Application->resolve('Illuminate\\\\Cook...', Array)
#15 /home/rashed/Desktop/Laravel/Projects/ecommerce_portal/vendor/laravel/framework/src/Illuminate/Foundation/Application.php(1057): Illuminate\\Container\\Container->make('Illuminate\\\\Cook...', Array)
#16 /home/rashed/Desktop/Laravel/Projects/ecommerce_portal/vendor/laravel/framework/src/Illuminate/Foundation/Http/Kernel.php(257): Illuminate\\Foundation\\Application->make('Illuminate\\\\Cook...')
#17 /home/rashed/Desktop/Laravel/Projects/ecommerce_portal/vendor/laravel/framework/src/Illuminate/Foundation/Http/Kernel.php(215): Illuminate\\Foundation\\Http\\Kernel->terminateMiddleware(Object(Illuminate\\Http\\Request), Object(Illuminate\\Http\\Response))
#18 /home/rashed/Desktop/Laravel/Projects/ecommerce_portal/vendor/laravel/framework/src/Illuminate/Foundation/Application.php(1221): Illuminate\\Foundation\\Http\\Kernel->terminate(Object(Illuminate\\Http\\Request), Object(Illuminate\\Http\\Response))
#19 /home/rashed/Desktop/Laravel/Projects/ecommerce_portal/public/index.php(20): Illuminate\\Foundation\\Application->handleRequest(Object(Illuminate\\Http\\Request))
#20 /home/rashed/Desktop/Laravel/Projects/ecommerce_portal/vendor/laravel/framework/src/Illuminate/Foundation/resources/server.php(23): require_once('/home/rashed/De...')
#21 {main}
"} 
[2025-06-08 22:19:22] local.ERROR: Uncaught ErrorException: Cannot modify header information - headers already sent by (output started at /home/rashed/Desktop/Laravel/Projects/ecommerce_portal/vendor/symfony/http-foundation/Response.php:387) in /home/rashed/Desktop/Laravel/Projects/ecommerce_portal/vendor/symfony/http-foundation/Response.php:322
Stack trace:
#0 /home/rashed/Desktop/Laravel/Projects/ecommerce_portal/vendor/laravel/framework/src/Illuminate/Foundation/Bootstrap/HandleExceptions.php(256): Illuminate\Foundation\Bootstrap\HandleExceptions->handleError(2, 'Cannot modify h...', '/home/rashed/De...', 322)
#1 [internal function]: Illuminate\Foundation\Bootstrap\HandleExceptions->{closure:Illuminate\Foundation\Bootstrap\HandleExceptions::forwardsTo():255}(2, 'Cannot modify h...', '/home/rashed/De...', 322)
#2 /home/rashed/Desktop/Laravel/Projects/ecommerce_portal/vendor/symfony/http-foundation/Response.php(322): header('HTTP/1.1 500 In...', true, 500)
#3 /home/rashed/Desktop/Laravel/Projects/ecommerce_portal/vendor/symfony/http-foundation/Response.php(401): Symfony\Component\HttpFoundation\Response->sendHeaders()
#4 /home/rashed/Desktop/Laravel/Projects/ecommerce_portal/vendor/laravel/framework/src/Illuminate/Foundation/Bootstrap/HandleExceptions.php(219): Symfony\Component\HttpFoundation\Response->send()
#5 /home/rashed/Desktop/Laravel/Projects/ecommerce_portal/vendor/laravel/framework/src/Illuminate/Foundation/Bootstrap/HandleExceptions.php(196): Illuminate\Foundation\Bootstrap\HandleExceptions->renderHttpResponse(Object(Illuminate\Encryption\MissingAppKeyException))
#6 /home/rashed/Desktop/Laravel/Projects/ecommerce_portal/vendor/laravel/framework/src/Illuminate/Foundation/Bootstrap/HandleExceptions.php(256): Illuminate\Foundation\Bootstrap\HandleExceptions->handleException(Object(Illuminate\Encryption\MissingAppKeyException))
#7 [internal function]: Illuminate\Foundation\Bootstrap\HandleExceptions->{closure:Illuminate\Foundation\Bootstrap\HandleExceptions::forwardsTo():255}(Object(Illuminate\Encryption\MissingAppKeyException))
#8 {main}
  thrown {"exception":"[object] (Symfony\\Component\\ErrorHandler\\Error\\FatalError(code: 0): Uncaught ErrorException: Cannot modify header information - headers already sent by (output started at /home/rashed/Desktop/Laravel/Projects/ecommerce_portal/vendor/symfony/http-foundation/Response.php:387) in /home/rashed/Desktop/Laravel/Projects/ecommerce_portal/vendor/symfony/http-foundation/Response.php:322
Stack trace:
#0 /home/rashed/Desktop/Laravel/Projects/ecommerce_portal/vendor/laravel/framework/src/Illuminate/Foundation/Bootstrap/HandleExceptions.php(256): Illuminate\\Foundation\\Bootstrap\\HandleExceptions->handleError(2, 'Cannot modify h...', '/home/rashed/De...', 322)
#1 [internal function]: Illuminate\\Foundation\\Bootstrap\\HandleExceptions->{closure:Illuminate\\Foundation\\Bootstrap\\HandleExceptions::forwardsTo():255}(2, 'Cannot modify h...', '/home/rashed/De...', 322)
#2 /home/rashed/Desktop/Laravel/Projects/ecommerce_portal/vendor/symfony/http-foundation/Response.php(322): header('HTTP/1.1 500 In...', true, 500)
#3 /home/rashed/Desktop/Laravel/Projects/ecommerce_portal/vendor/symfony/http-foundation/Response.php(401): Symfony\\Component\\HttpFoundation\\Response->sendHeaders()
#4 /home/rashed/Desktop/Laravel/Projects/ecommerce_portal/vendor/laravel/framework/src/Illuminate/Foundation/Bootstrap/HandleExceptions.php(219): Symfony\\Component\\HttpFoundation\\Response->send()
#5 /home/rashed/Desktop/Laravel/Projects/ecommerce_portal/vendor/laravel/framework/src/Illuminate/Foundation/Bootstrap/HandleExceptions.php(196): Illuminate\\Foundation\\Bootstrap\\HandleExceptions->renderHttpResponse(Object(Illuminate\\Encryption\\MissingAppKeyException))
#6 /home/rashed/Desktop/Laravel/Projects/ecommerce_portal/vendor/laravel/framework/src/Illuminate/Foundation/Bootstrap/HandleExceptions.php(256): Illuminate\\Foundation\\Bootstrap\\HandleExceptions->handleException(Object(Illuminate\\Encryption\\MissingAppKeyException))
#7 [internal function]: Illuminate\\Foundation\\Bootstrap\\HandleExceptions->{closure:Illuminate\\Foundation\\Bootstrap\\HandleExceptions::forwardsTo():255}(Object(Illuminate\\Encryption\\MissingAppKeyException))
#8 {main}
  thrown at /home/rashed/Desktop/Laravel/Projects/ecommerce_portal/vendor/symfony/http-foundation/Response.php:322)
[stacktrace]
#0 {main}
"} 
